{"/Users/daniellaurentino/workspace/skyward/app/_layout.tsx": {"path":"/Users/daniellaurentino/workspace/skyward/app/_layout.tsx","statementMap":{"0":{"start":{"line":6,"column":19},"end":{"line":21,"column":1}},"1":{"start":{"line":7,"column":2},"end":{"line":20,"column":13}},"2":{"start":{"line":16,"column":28},"end":{"line":16,"column":72}},"3":{"start":{"line":16,"column":55},"end":{"line":16,"column":68}}},"fnMap":{"0":{"name":"(anonymous_0)","decl":{"start":{"line":6,"column":19},"end":{"line":6,"column":20}},"loc":{"start":{"line":7,"column":2},"end":{"line":20,"column":13}},"line":7},"1":{"name":"(anonymous_1)","decl":{"start":{"line":16,"column":22},"end":{"line":16,"column":23}},"loc":{"start":{"line":16,"column":28},"end":{"line":16,"column":72}},"line":16},"2":{"name":"(anonymous_2)","decl":{"start":{"line":16,"column":49},"end":{"line":16,"column":50}},"loc":{"start":{"line":16,"column":55},"end":{"line":16,"column":68}},"line":16}},"branchMap":{},"s":{"0":0,"1":0,"2":0,"3":0},"f":{"0":0,"1":0,"2":0},"b":{}}
,"/Users/daniellaurentino/workspace/skyward/app/(tabs)/_layout.tsx": {"path":"/Users/daniellaurentino/workspace/skyward/app/(tabs)/_layout.tsx","statementMap":{"0":{"start":{"line":5,"column":19},"end":{"line":37,"column":1}},"1":{"start":{"line":6,"column":2},"end":{"line":36,"column":9}},"2":{"start":{"line":32,"column":10},"end":{"line":32,"column":67}}},"fnMap":{"0":{"name":"(anonymous_0)","decl":{"start":{"line":5,"column":19},"end":{"line":5,"column":20}},"loc":{"start":{"line":6,"column":2},"end":{"line":36,"column":9}},"line":6},"1":{"name":"(anonymous_1)","decl":{"start":{"line":31,"column":20},"end":{"line":31,"column":21}},"loc":{"start":{"line":32,"column":10},"end":{"line":32,"column":67}},"line":32}},"branchMap":{},"s":{"0":0,"1":0,"2":0},"f":{"0":0,"1":0},"b":{}}
,"/Users/daniellaurentino/workspace/skyward/app/(tabs)/(launches)/Launches.loader.tsx": {"path":"/Users/daniellaurentino/workspace/skyward/app/(tabs)/(launches)/Launches.loader.tsx","statementMap":{"0":{"start":{"line":5,"column":30},"end":{"line":13,"column":1}},"1":{"start":{"line":6,"column":46},"end":{"line":6,"column":75}},"2":{"start":{"line":8,"column":2},"end":{"line":12,"column":4}},"3":{"start":{"line":9,"column":66},"end":{"line":9,"column":75}}},"fnMap":{"0":{"name":"(anonymous_0)","decl":{"start":{"line":5,"column":30},"end":{"line":5,"column":31}},"loc":{"start":{"line":5,"column":36},"end":{"line":13,"column":1}},"line":5},"1":{"name":"(anonymous_1)","decl":{"start":{"line":9,"column":60},"end":{"line":9,"column":61}},"loc":{"start":{"line":9,"column":66},"end":{"line":9,"column":75}},"line":9}},"branchMap":{"0":{"loc":{"start":{"line":10,"column":7},"end":{"line":10,"column":43}},"type":"binary-expr","locations":[{"start":{"line":10,"column":7},"end":{"line":10,"column":11}},{"start":{"line":10,"column":15},"end":{"line":10,"column":43}}],"line":10}},"s":{"0":1,"1":6,"2":6,"3":1},"f":{"0":6,"1":1},"b":{"0":[6,2]},"_coverageSchema":"1a1c01bbd47fc00a2c39e90264f33305004495a9","hash":"b76126d173477a7c7d95be4e32744e951f021175"}
,"/Users/daniellaurentino/workspace/skyward/app/(tabs)/(launches)/Launches.tsx": {"path":"/Users/daniellaurentino/workspace/skyward/app/(tabs)/(launches)/Launches.tsx","statementMap":{"0":{"start":{"line":9,"column":24},"end":{"line":33,"column":1}},"1":{"start":{"line":10,"column":2},"end":{"line":32,"column":9}},"2":{"start":{"line":14,"column":8},"end":{"line":21,"column":10}},"3":{"start":{"line":20,"column":25},"end":{"line":20,"column":75}},"4":{"start":{"line":24,"column":8},"end":{"line":24,"column":64}},"5":{"start":{"line":29,"column":8},"end":{"line":29,"column":58}}},"fnMap":{"0":{"name":"(anonymous_0)","decl":{"start":{"line":9,"column":24},"end":{"line":9,"column":25}},"loc":{"start":{"line":10,"column":2},"end":{"line":32,"column":9}},"line":10},"1":{"name":"(anonymous_1)","decl":{"start":{"line":13,"column":18},"end":{"line":13,"column":19}},"loc":{"start":{"line":14,"column":8},"end":{"line":21,"column":10}},"line":14},"2":{"name":"(anonymous_2)","decl":{"start":{"line":20,"column":19},"end":{"line":20,"column":20}},"loc":{"start":{"line":20,"column":25},"end":{"line":20,"column":75}},"line":20},"3":{"name":"(anonymous_3)","decl":{"start":{"line":23,"column":30},"end":{"line":23,"column":31}},"loc":{"start":{"line":24,"column":8},"end":{"line":24,"column":64}},"line":24},"4":{"name":"(anonymous_4)","decl":{"start":{"line":28,"column":27},"end":{"line":28,"column":28}},"loc":{"start":{"line":29,"column":8},"end":{"line":29,"column":58}},"line":29}},"branchMap":{},"s":{"0":2,"1":4,"2":8,"3":1,"4":4,"5":4},"f":{"0":4,"1":8,"2":1,"3":4,"4":4},"b":{},"_coverageSchema":"1a1c01bbd47fc00a2c39e90264f33305004495a9","hash":"bfea9981ac59b0fe72e0dddc6ffe0459f51127f7"}
,"/Users/daniellaurentino/workspace/skyward/app/(tabs)/(launches)/index.ts": {"path":"/Users/daniellaurentino/workspace/skyward/app/(tabs)/(launches)/index.ts","statementMap":{},"fnMap":{},"branchMap":{},"s":{},"f":{},"b":{}}
,"/Users/daniellaurentino/workspace/skyward/app/(tabs)/(launches)/styles.ts": {"path":"/Users/daniellaurentino/workspace/skyward/app/(tabs)/(launches)/styles.ts","statementMap":{"0":{"start":{"line":3,"column":22},"end":{"line":19,"column":2}}},"fnMap":{},"branchMap":{},"s":{"0":2},"f":{},"b":{},"_coverageSchema":"1a1c01bbd47fc00a2c39e90264f33305004495a9","hash":"ad0736afecda752c12718ccbe5880edbcae5c2e0"}
,"/Users/daniellaurentino/workspace/skyward/app/(tabs)/(launches)/types.ts": {"path":"/Users/daniellaurentino/workspace/skyward/app/(tabs)/(launches)/types.ts","statementMap":{},"fnMap":{},"branchMap":{},"s":{},"f":{},"b":{}}
,"/Users/daniellaurentino/workspace/skyward/app/launchDetails/LaunchDetails.loader.tsx": {"path":"/Users/daniellaurentino/workspace/skyward/app/launchDetails/LaunchDetails.loader.tsx","statementMap":{"0":{"start":{"line":6,"column":35},"end":{"line":16,"column":1}},"1":{"start":{"line":7,"column":27},"end":{"line":7,"column":49}},"2":{"start":{"line":9,"column":4},"end":{"line":9,"column":38}},"3":{"start":{"line":11,"column":2},"end":{"line":15,"column":4}},"4":{"start":{"line":12,"column":66},"end":{"line":12,"column":75}}},"fnMap":{"0":{"name":"(anonymous_0)","decl":{"start":{"line":6,"column":35},"end":{"line":6,"column":36}},"loc":{"start":{"line":6,"column":41},"end":{"line":16,"column":1}},"line":6},"1":{"name":"(anonymous_1)","decl":{"start":{"line":12,"column":60},"end":{"line":12,"column":61}},"loc":{"start":{"line":12,"column":66},"end":{"line":12,"column":75}},"line":12}},"branchMap":{"0":{"loc":{"start":{"line":13,"column":7},"end":{"line":13,"column":46}},"type":"binary-expr","locations":[{"start":{"line":13,"column":7},"end":{"line":13,"column":11}},{"start":{"line":13,"column":15},"end":{"line":13,"column":46}}],"line":13}},"s":{"0":1,"1":8,"2":8,"3":8,"4":1},"f":{"0":8,"1":1},"b":{"0":[8,1]},"_coverageSchema":"1a1c01bbd47fc00a2c39e90264f33305004495a9","hash":"2dd43bb2e75480feea7c7455bc1d2fd5f1f0418a"}
,"/Users/daniellaurentino/workspace/skyward/app/launchDetails/LaunchDetails.tsx": {"path":"/Users/daniellaurentino/workspace/skyward/app/launchDetails/LaunchDetails.tsx","statementMap":{"0":{"start":{"line":8,"column":29},"end":{"line":33,"column":1}},"1":{"start":{"line":9,"column":2},"end":{"line":32,"column":9}}},"fnMap":{"0":{"name":"(anonymous_0)","decl":{"start":{"line":8,"column":29},"end":{"line":8,"column":30}},"loc":{"start":{"line":9,"column":2},"end":{"line":32,"column":9}},"line":9}},"branchMap":{"0":{"loc":{"start":{"line":30,"column":7},"end":{"line":30,"column":74}},"type":"binary-expr","locations":[{"start":{"line":30,"column":7},"end":{"line":30,"column":21}},{"start":{"line":30,"column":25},"end":{"line":30,"column":74}}],"line":30}},"s":{"0":2,"1":2},"f":{"0":2},"b":{"0":[2,2]},"_coverageSchema":"1a1c01bbd47fc00a2c39e90264f33305004495a9","hash":"60c0db058d7333f647876286bc5fcacd36f76ae7"}
,"/Users/daniellaurentino/workspace/skyward/app/launchDetails/[flightNumber].ts": {"path":"/Users/daniellaurentino/workspace/skyward/app/launchDetails/[flightNumber].ts","statementMap":{},"fnMap":{},"branchMap":{},"s":{},"f":{},"b":{}}
,"/Users/daniellaurentino/workspace/skyward/app/launchDetails/styles.ts": {"path":"/Users/daniellaurentino/workspace/skyward/app/launchDetails/styles.ts","statementMap":{"0":{"start":{"line":4,"column":22},"end":{"line":36,"column":2}}},"fnMap":{},"branchMap":{},"s":{"0":2},"f":{},"b":{},"_coverageSchema":"1a1c01bbd47fc00a2c39e90264f33305004495a9","hash":"743f6bbffd9813ac7b574fb1ab58cc567acf4d21"}
,"/Users/daniellaurentino/workspace/skyward/app/launchDetails/types.ts": {"path":"/Users/daniellaurentino/workspace/skyward/app/launchDetails/types.ts","statementMap":{},"fnMap":{},"branchMap":{},"s":{},"f":{},"b":{}}
,"/Users/daniellaurentino/workspace/skyward/src/components/BackButton/BackButton.tsx": {"path":"/Users/daniellaurentino/workspace/skyward/src/components/BackButton/BackButton.tsx","statementMap":{"0":{"start":{"line":7,"column":26},"end":{"line":20,"column":1}},"1":{"start":{"line":8,"column":2},"end":{"line":19,"column":14}}},"fnMap":{"0":{"name":"(anonymous_0)","decl":{"start":{"line":7,"column":26},"end":{"line":7,"column":27}},"loc":{"start":{"line":8,"column":2},"end":{"line":19,"column":14}},"line":8}},"branchMap":{},"s":{"0":1,"1":2},"f":{"0":2},"b":{},"_coverageSchema":"1a1c01bbd47fc00a2c39e90264f33305004495a9","hash":"3d884f7528cea04918d9553a5754b5a770149ed2"}
,"/Users/daniellaurentino/workspace/skyward/src/components/BackButton/styles.ts": {"path":"/Users/daniellaurentino/workspace/skyward/src/components/BackButton/styles.ts","statementMap":{"0":{"start":{"line":4,"column":22},"end":{"line":13,"column":2}}},"fnMap":{},"branchMap":{},"s":{"0":1},"f":{},"b":{},"_coverageSchema":"1a1c01bbd47fc00a2c39e90264f33305004495a9","hash":"6ee5dff692caf9abcf638a0e6c55cda1dbfa0394"}
,"/Users/daniellaurentino/workspace/skyward/src/components/BackButton/types.ts": {"path":"/Users/daniellaurentino/workspace/skyward/src/components/BackButton/types.ts","statementMap":{},"fnMap":{},"branchMap":{},"s":{},"f":{},"b":{}}
,"/Users/daniellaurentino/workspace/skyward/src/components/Button/Button.tsx": {"path":"/Users/daniellaurentino/workspace/skyward/src/components/Button/Button.tsx","statementMap":{"0":{"start":{"line":5,"column":22},"end":{"line":24,"column":1}},"1":{"start":{"line":12,"column":2},"end":{"line":23,"column":14}},"2":{"start":{"line":15,"column":28},"end":{"line":19,"column":5}}},"fnMap":{"0":{"name":"(anonymous_0)","decl":{"start":{"line":5,"column":22},"end":{"line":5,"column":23}},"loc":{"start":{"line":12,"column":2},"end":{"line":23,"column":14}},"line":12},"1":{"name":"(anonymous_1)","decl":{"start":{"line":15,"column":11},"end":{"line":15,"column":12}},"loc":{"start":{"line":15,"column":28},"end":{"line":19,"column":5}},"line":15}},"branchMap":{"0":{"loc":{"start":{"line":18,"column":17},"end":{"line":18,"column":34}},"type":"cond-expr","locations":[{"start":{"line":18,"column":27},"end":{"line":18,"column":30}},{"start":{"line":18,"column":33},"end":{"line":18,"column":34}}],"line":18}},"s":{"0":4,"1":9,"2":9},"f":{"0":9,"1":9},"b":{"0":[2,7]},"_coverageSchema":"1a1c01bbd47fc00a2c39e90264f33305004495a9","hash":"757d8c2882c3da14892fbf3bb3c09cbbcd312a7c"}
,"/Users/daniellaurentino/workspace/skyward/src/components/Button/index.ts": {"path":"/Users/daniellaurentino/workspace/skyward/src/components/Button/index.ts","statementMap":{},"fnMap":{},"branchMap":{},"s":{},"f":{},"b":{}}
,"/Users/daniellaurentino/workspace/skyward/src/components/Button/styles.ts": {"path":"/Users/daniellaurentino/workspace/skyward/src/components/Button/styles.ts","statementMap":{"0":{"start":{"line":4,"column":22},"end":{"line":17,"column":2}}},"fnMap":{},"branchMap":{},"s":{"0":4},"f":{},"b":{},"_coverageSchema":"1a1c01bbd47fc00a2c39e90264f33305004495a9","hash":"d3fa52de25cd8a4b77d80f872279d3d76d8d1ff5"}
,"/Users/daniellaurentino/workspace/skyward/src/components/Button/types.ts": {"path":"/Users/daniellaurentino/workspace/skyward/src/components/Button/types.ts","statementMap":{},"fnMap":{},"branchMap":{},"s":{},"f":{},"b":{}}
,"/Users/daniellaurentino/workspace/skyward/src/components/LaunchCard/LaunchCard.tsx": {"path":"/Users/daniellaurentino/workspace/skyward/src/components/LaunchCard/LaunchCard.tsx","statementMap":{"0":{"start":{"line":8,"column":26},"end":{"line":42,"column":1}},"1":{"start":{"line":18,"column":2},"end":{"line":41,"column":4}}},"fnMap":{"0":{"name":"(anonymous_0)","decl":{"start":{"line":8,"column":26},"end":{"line":8,"column":27}},"loc":{"start":{"line":17,"column":21},"end":{"line":42,"column":1}},"line":17}},"branchMap":{"0":{"loc":{"start":{"line":24,"column":12},"end":{"line":25,"column":77}},"type":"binary-expr","locations":[{"start":{"line":24,"column":12},"end":{"line":24,"column":23}},{"start":{"line":25,"column":12},"end":{"line":25,"column":77}}],"line":24},"1":{"loc":{"start":{"line":32,"column":9},"end":{"line":38,"column":9}},"type":"binary-expr","locations":[{"start":{"line":32,"column":9},"end":{"line":32,"column":19}},{"start":{"line":33,"column":10},"end":{"line":37,"column":12}}],"line":32}},"s":{"0":3,"1":13},"f":{"0":13},"b":{"0":[13,1],"1":[13,13]},"_coverageSchema":"1a1c01bbd47fc00a2c39e90264f33305004495a9","hash":"89e4d01fc9a5a34491d4f9a3100d4258755b675c"}
,"/Users/daniellaurentino/workspace/skyward/src/components/LaunchCard/index.ts": {"path":"/Users/daniellaurentino/workspace/skyward/src/components/LaunchCard/index.ts","statementMap":{},"fnMap":{},"branchMap":{},"s":{},"f":{},"b":{},"_coverageSchema":"1a1c01bbd47fc00a2c39e90264f33305004495a9","hash":"10f216fcf500460a3c81b59e2af8ca915e220d1c"}
,"/Users/daniellaurentino/workspace/skyward/src/components/LaunchCard/styles.ts": {"path":"/Users/daniellaurentino/workspace/skyward/src/components/LaunchCard/styles.ts","statementMap":{"0":{"start":{"line":4,"column":34},"end":{"line":4,"column":37}},"1":{"start":{"line":6,"column":22},"end":{"line":37,"column":2}}},"fnMap":{},"branchMap":{},"s":{"0":3,"1":3},"f":{},"b":{},"_coverageSchema":"1a1c01bbd47fc00a2c39e90264f33305004495a9","hash":"e6a33bc403ee155e813bbbc912e6298b551f5fff"}
,"/Users/daniellaurentino/workspace/skyward/src/components/LaunchCard/types.ts": {"path":"/Users/daniellaurentino/workspace/skyward/src/components/LaunchCard/types.ts","statementMap":{},"fnMap":{},"branchMap":{},"s":{},"f":{},"b":{},"_coverageSchema":"1a1c01bbd47fc00a2c39e90264f33305004495a9","hash":"0e0b26450e6a922e1c5602264ec6fbc09bc23716"}
,"/Users/daniellaurentino/workspace/skyward/src/components/Layout/Layout.tsx": {"path":"/Users/daniellaurentino/workspace/skyward/src/components/Layout/Layout.tsx","statementMap":{"0":{"start":{"line":10,"column":22},"end":{"line":63,"column":1}},"1":{"start":{"line":17,"column":21},"end":{"line":50,"column":3}},"2":{"start":{"line":18,"column":4},"end":{"line":30,"column":5}},"3":{"start":{"line":19,"column":6},"end":{"line":29,"column":8}},"4":{"start":{"line":32,"column":4},"end":{"line":47,"column":5}},"5":{"start":{"line":33,"column":6},"end":{"line":46,"column":8}},"6":{"start":{"line":49,"column":4},"end":{"line":49,"column":20}},"7":{"start":{"line":52,"column":2},"end":{"line":62,"column":4}}},"fnMap":{"0":{"name":"(anonymous_0)","decl":{"start":{"line":10,"column":22},"end":{"line":10,"column":23}},"loc":{"start":{"line":16,"column":19},"end":{"line":63,"column":1}},"line":16},"1":{"name":"(anonymous_1)","decl":{"start":{"line":17,"column":21},"end":{"line":17,"column":22}},"loc":{"start":{"line":17,"column":27},"end":{"line":50,"column":3}},"line":17}},"branchMap":{"0":{"loc":{"start":{"line":18,"column":4},"end":{"line":30,"column":5}},"type":"if","locations":[{"start":{"line":18,"column":4},"end":{"line":30,"column":5}},{"start":{},"end":{}}],"line":18},"1":{"loc":{"start":{"line":32,"column":4},"end":{"line":47,"column":5}},"type":"if","locations":[{"start":{"line":32,"column":4},"end":{"line":47,"column":5}},{"start":{},"end":{}}],"line":32}},"s":{"0":3,"1":21,"2":21,"3":10,"4":11,"5":4,"6":7,"7":21},"f":{"0":21,"1":21},"b":{"0":[10,11],"1":[4,7]},"_coverageSchema":"1a1c01bbd47fc00a2c39e90264f33305004495a9","hash":"5e39e7763f4fbe615a1df9f1e4e10c5e20b678f7"}
,"/Users/daniellaurentino/workspace/skyward/src/components/Layout/index.ts": {"path":"/Users/daniellaurentino/workspace/skyward/src/components/Layout/index.ts","statementMap":{},"fnMap":{},"branchMap":{},"s":{},"f":{},"b":{},"_coverageSchema":"1a1c01bbd47fc00a2c39e90264f33305004495a9","hash":"ba0dedbd889d4d4f0293a0dafb1a219b822414d0"}
,"/Users/daniellaurentino/workspace/skyward/src/components/Layout/styles.ts": {"path":"/Users/daniellaurentino/workspace/skyward/src/components/Layout/styles.ts","statementMap":{"0":{"start":{"line":4,"column":22},"end":{"line":28,"column":2}}},"fnMap":{},"branchMap":{},"s":{"0":3},"f":{},"b":{},"_coverageSchema":"1a1c01bbd47fc00a2c39e90264f33305004495a9","hash":"a5a8f611a5eb811b8dbbc60adc2d2e48e8af21ff"}
,"/Users/daniellaurentino/workspace/skyward/src/components/Layout/types.ts": {"path":"/Users/daniellaurentino/workspace/skyward/src/components/Layout/types.ts","statementMap":{},"fnMap":{},"branchMap":{},"s":{},"f":{},"b":{},"_coverageSchema":"1a1c01bbd47fc00a2c39e90264f33305004495a9","hash":"3a401c1b9e05ed5d2ad46cacd57154d9560506e2"}
,"/Users/daniellaurentino/workspace/skyward/src/components/MissionTag/MissionTag.tsx": {"path":"/Users/daniellaurentino/workspace/skyward/src/components/MissionTag/MissionTag.tsx","statementMap":{"0":{"start":{"line":6,"column":26},"end":{"line":19,"column":1}},"1":{"start":{"line":11,"column":2},"end":{"line":18,"column":9}}},"fnMap":{"0":{"name":"(anonymous_0)","decl":{"start":{"line":6,"column":26},"end":{"line":6,"column":27}},"loc":{"start":{"line":11,"column":2},"end":{"line":18,"column":9}},"line":11}},"branchMap":{},"s":{"0":6,"1":16},"f":{"0":16},"b":{},"_coverageSchema":"1a1c01bbd47fc00a2c39e90264f33305004495a9","hash":"ba6f2b2c0e8ef6145734752f1d84759f4e08f2dc"}
,"/Users/daniellaurentino/workspace/skyward/src/components/MissionTag/index.ts": {"path":"/Users/daniellaurentino/workspace/skyward/src/components/MissionTag/index.ts","statementMap":{},"fnMap":{},"branchMap":{},"s":{},"f":{},"b":{},"_coverageSchema":"1a1c01bbd47fc00a2c39e90264f33305004495a9","hash":"0b0d264addf911614b4e578350885b678c306a8b"}
,"/Users/daniellaurentino/workspace/skyward/src/components/MissionTag/styles.ts": {"path":"/Users/daniellaurentino/workspace/skyward/src/components/MissionTag/styles.ts","statementMap":{"0":{"start":{"line":3,"column":22},"end":{"line":12,"column":2}}},"fnMap":{},"branchMap":{},"s":{"0":6},"f":{},"b":{},"_coverageSchema":"1a1c01bbd47fc00a2c39e90264f33305004495a9","hash":"7b1c3040c17f75331e94ccd93214331aae753587"}
,"/Users/daniellaurentino/workspace/skyward/src/components/MissionTag/types.ts": {"path":"/Users/daniellaurentino/workspace/skyward/src/components/MissionTag/types.ts","statementMap":{},"fnMap":{},"branchMap":{},"s":{},"f":{},"b":{}}
,"/Users/daniellaurentino/workspace/skyward/src/components/Section/Section.tsx": {"path":"/Users/daniellaurentino/workspace/skyward/src/components/Section/Section.tsx","statementMap":{"0":{"start":{"line":6,"column":26},"end":{"line":6,"column":40}},"1":{"start":{"line":7,"column":25},"end":{"line":7,"column":35}},"2":{"start":{"line":9,"column":23},"end":{"line":23,"column":1}},"3":{"start":{"line":15,"column":2},"end":{"line":22,"column":9}}},"fnMap":{"0":{"name":"(anonymous_0)","decl":{"start":{"line":9,"column":23},"end":{"line":9,"column":24}},"loc":{"start":{"line":15,"column":2},"end":{"line":22,"column":9}},"line":15}},"branchMap":{"0":{"loc":{"start":{"line":12,"column":2},"end":{"line":12,"column":32}},"type":"default-arg","locations":[{"start":{"line":12,"column":15},"end":{"line":12,"column":32}}],"line":12},"1":{"loc":{"start":{"line":13,"column":2},"end":{"line":13,"column":30}},"type":"default-arg","locations":[{"start":{"line":13,"column":14},"end":{"line":13,"column":30}}],"line":13}},"s":{"0":6,"1":6,"2":6,"3":23},"f":{"0":23},"b":{"0":[10],"1":[23]},"_coverageSchema":"1a1c01bbd47fc00a2c39e90264f33305004495a9","hash":"58391d9ac62c0223f33618536b6d657a8c577e9a"}
,"/Users/daniellaurentino/workspace/skyward/src/components/Section/index.ts": {"path":"/Users/daniellaurentino/workspace/skyward/src/components/Section/index.ts","statementMap":{},"fnMap":{},"branchMap":{},"s":{},"f":{},"b":{},"_coverageSchema":"1a1c01bbd47fc00a2c39e90264f33305004495a9","hash":"67793538436a01a805fc0341d1e378f9543b89fc"}
,"/Users/daniellaurentino/workspace/skyward/src/components/Section/styles.ts": {"path":"/Users/daniellaurentino/workspace/skyward/src/components/Section/styles.ts","statementMap":{"0":{"start":{"line":4,"column":22},"end":{"line":18,"column":2}}},"fnMap":{},"branchMap":{},"s":{"0":6},"f":{},"b":{},"_coverageSchema":"1a1c01bbd47fc00a2c39e90264f33305004495a9","hash":"f0b493268f14f1dd822c23c61a48ae81a5e437b9"}
,"/Users/daniellaurentino/workspace/skyward/src/components/Section/types.ts": {"path":"/Users/daniellaurentino/workspace/skyward/src/components/Section/types.ts","statementMap":{},"fnMap":{},"branchMap":{},"s":{},"f":{},"b":{}}
,"/Users/daniellaurentino/workspace/skyward/src/design/tokens/colors.ts": {"path":"/Users/daniellaurentino/workspace/skyward/src/design/tokens/colors.ts","statementMap":{"0":{"start":{"line":1,"column":26},"end":{"line":5,"column":1}},"1":{"start":{"line":7,"column":20},"end":{"line":12,"column":1}},"2":{"start":{"line":14,"column":22},"end":{"line":18,"column":1}}},"fnMap":{},"branchMap":{},"s":{"0":9,"1":9,"2":9},"f":{},"b":{},"_coverageSchema":"1a1c01bbd47fc00a2c39e90264f33305004495a9","hash":"05ac97d9220eda8c18201391c2708dc7d9c78bd3"}
,"/Users/daniellaurentino/workspace/skyward/src/services/spaceX.ts": {"path":"/Users/daniellaurentino/workspace/skyward/src/services/spaceX.ts","statementMap":{"0":{"start":{"line":4,"column":25},"end":{"line":18,"column":2}},"1":{"start":{"line":8,"column":27},"end":{"line":17,"column":3}},"2":{"start":{"line":10,"column":19},"end":{"line":10,"column":66}},"3":{"start":{"line":14,"column":31},"end":{"line":14,"column":57}},"4":{"start":{"line":20,"column":65},"end":{"line":20,"column":74}}},"fnMap":{"0":{"name":"(anonymous_0)","decl":{"start":{"line":8,"column":13},"end":{"line":8,"column":14}},"loc":{"start":{"line":8,"column":27},"end":{"line":17,"column":3}},"line":8},"1":{"name":"(anonymous_1)","decl":{"start":{"line":10,"column":13},"end":{"line":10,"column":14}},"loc":{"start":{"line":10,"column":19},"end":{"line":10,"column":66}},"line":10},"2":{"name":"(anonymous_2)","decl":{"start":{"line":14,"column":13},"end":{"line":14,"column":14}},"loc":{"start":{"line":14,"column":31},"end":{"line":14,"column":57}},"line":14}},"branchMap":{},"s":{"0":2,"1":2,"2":2,"3":3,"4":2},"f":{"0":2,"1":2,"2":3},"b":{},"_coverageSchema":"1a1c01bbd47fc00a2c39e90264f33305004495a9","hash":"d9d1df2ff76653c0ef1d49451bc6055749896d58"}
,"/Users/daniellaurentino/workspace/skyward/src/services/types.ts": {"path":"/Users/daniellaurentino/workspace/skyward/src/services/types.ts","statementMap":{},"fnMap":{},"branchMap":{},"s":{},"f":{},"b":{}}
,"/Users/daniellaurentino/workspace/skyward/src/state/store.ts": {"path":"/Users/daniellaurentino/workspace/skyward/src/state/store.ts","statementMap":{"0":{"start":{"line":5,"column":21},"end":{"line":12,"column":2}},"1":{"start":{"line":10,"column":4},"end":{"line":10,"column":63}},"2":{"start":{"line":14,"column":0},"end":{"line":14,"column":31}}},"fnMap":{"0":{"name":"(anonymous_0)","decl":{"start":{"line":9,"column":14},"end":{"line":9,"column":15}},"loc":{"start":{"line":9,"column":40},"end":{"line":11,"column":3}},"line":9}},"branchMap":{},"s":{"0":2,"1":2,"2":2},"f":{"0":2},"b":{},"_coverageSchema":"1a1c01bbd47fc00a2c39e90264f33305004495a9","hash":"b55dab940181bfc92a58c4acd78e84e7b35e45d4"}
,"/Users/daniellaurentino/workspace/skyward/src/utils/tests/renderWithProviders.tsx": {"path":"/Users/daniellaurentino/workspace/skyward/src/utils/tests/renderWithProviders.tsx","statementMap":{"0":{"start":{"line":12,"column":35},"end":{"line":20,"column":1}},"1":{"start":{"line":16,"column":18},"end":{"line":18,"column":3}},"2":{"start":{"line":17,"column":4},"end":{"line":17,"column":57}},"3":{"start":{"line":19,"column":2},"end":{"line":19,"column":74}}},"fnMap":{"0":{"name":"(anonymous_0)","decl":{"start":{"line":12,"column":35},"end":{"line":12,"column":36}},"loc":{"start":{"line":15,"column":5},"end":{"line":20,"column":1}},"line":15},"1":{"name":"(anonymous_1)","decl":{"start":{"line":16,"column":18},"end":{"line":16,"column":19}},"loc":{"start":{"line":16,"column":59},"end":{"line":18,"column":3}},"line":16}},"branchMap":{"0":{"loc":{"start":{"line":14,"column":4},"end":{"line":14,"column":23}},"type":"default-arg","locations":[{"start":{"line":14,"column":21},"end":{"line":14,"column":23}}],"line":14}},"s":{"0":2,"1":5,"2":5,"3":5},"f":{"0":5,"1":5},"b":{"0":[5]},"_coverageSchema":"1a1c01bbd47fc00a2c39e90264f33305004495a9","hash":"420ebccbd40fd0a9d98038c6b02506aef56a1d5e"}
}
